1612653164741	geckodriver	INFO	Listening on 127.0.0.1:50193
1612653165742	mozrunner::runner	INFO	Running command: "/usr/bin/firefox" "--marionette" "-foreground" "-no-remote" "-profile" "/tmp/rust_mozprofileBoPdko"
console.warn: SearchSettings: "get: No settings file exists, new profile?" (new Error("", "(unknown module)"))
1612653167067	Marionette	INFO	Listening on port 45379
1612653167162	Marionette	WARN	TLS certificate errors will be ignored for this session
1612653167170	Marionette	ERROR	[15] No reply from Marionette:Register
console.warn: SearchSettings: "get: No settings file exists, new profile?" (new Error("", "(unknown module)"))
1612653222706	geckodriver	INFO	Listening on 127.0.0.1:48449
1612653223709	mozrunner::runner	INFO	Running command: "/usr/bin/firefox" "--marionette" "-foreground" "-no-remote" "-profile" "/tmp/rust_mozprofilepvVs2n"
console.warn: SearchSettings: "get: No settings file exists, new profile?" (new Error("", "(unknown module)"))
1612653224990	Marionette	INFO	Listening on port 45363
1612653225028	Marionette	WARN	TLS certificate errors will be ignored for this session
1612653225036	Marionette	ERROR	[15] No reply from Marionette:Register
console.warn: SearchSettings: "get: No settings file exists, new profile?" (new Error("", "(unknown module)"))
1612653240222	Marionette	INFO	Stopped listening on port 45363
1612653242707	Marionette	INFO	Stopped listening on port 45379
1612653244018	geckodriver	INFO	Listening on 127.0.0.1:53471
1612653245021	mozrunner::runner	INFO	Running command: "/usr/bin/firefox" "--marionette" "-foreground" "-no-remote" "-profile" "/tmp/rust_mozprofilepH5EJy"
console.warn: SearchSettings: "get: No settings file exists, new profile?" (new Error("", "(unknown module)"))
1612653246413	Marionette	INFO	Listening on port 35635
1612653246442	Marionette	WARN	TLS certificate errors will be ignored for this session
1612653246451	Marionette	ERROR	[15] No reply from Marionette:Register
console.warn: SearchSettings: "get: No settings file exists, new profile?" (new Error("", "(unknown module)"))
console.error: "Error writing request: getGrids"
console.error: "Error writing request: getGrids"
JavaScript error: https://www.googletagmanager.com/gtm.js?id=GTM-N4KH2, line 1375: uncaught exception: [object Object]
JavaScript error: https://www.googletagmanager.com/gtm.js?id=GTM-N4KH2, line 1375: uncaught exception: [object Object]
console.error: "Error writing response to: querySelector"
console.error: "Error while calling actor 'domwalker's method 'querySelector'" "Component returned failure code: 0x80070057 (NS_ERROR_ILLEGAL_VALUE) [nsIEventListenerService.getListenerInfoFor]"
console.error: "getDOMListeners@resource://devtools/server/actors/inspector/event-collector.js:266:22\ngetListeners@resource://devtools/server/actors/inspector/event-collector.js:334:28\nhasListeners@resource://devtools/server/actors/inspector/event-collector.js:227:17\nhasEventListeners@resource://devtools/server/actors/inspector/event-collector.js:800:21\nget _hasEventListeners@resource://devtools/server/actors/inspector/node.js:383:33\nform@resource://devtools/server/actors/inspector/node.js:207:7\nwrite@resource://devtools/shared/protocol/types.js:358:32\ntypes.addArrayType/write/<@resource://devtools/shared/protocol/types.js:215:33\nwrite@resource://devtools/shared/protocol/types.js:215:16\nwrite@resource://devtools/shared/protocol/types.js:263:39\nwrite@resource://devtools/shared/protocol/Response.js:99:22\nwrite@resource://devtools/shared/protocol/Response.js:47:28\nsendReturn@resource://devtools/shared/protocol/Actor.js:195:38\n"
console.error: (new Error("Protocol error (NS_ERROR_ILLEGAL_VALUE): Component returned failure code: 0x80070057 (NS_ERROR_ILLEGAL_VALUE) [nsIEventListenerService.getListenerInfoFor] from: server0.conn0.child3/domwalker25 (resource://devtools/server/actors/inspector/event-collector.js:266:0)", "resource://devtools/shared/protocol/Front.js", 361))
console.error: "Error sending event: scrollable-change"
console.error: ({})
[Exception... "Component returned failure code: 0x80070057 (NS_ERROR_ILLEGAL_VALUE) [nsIEventListenerService.getListenerInfoFor]"  nsresult: "0x80070057 (NS_ERROR_ILLEGAL_VALUE)"  location: "JS frame :: resource://devtools/server/actors/inspector/event-collector.js :: getDOMListeners :: line 266"  data: no]: getDOMListeners@resource://devtools/server/actors/inspector/event-collector.js:266:22
getListeners@resource://devtools/server/actors/inspector/event-collector.js:334:28
hasListeners@resource://devtools/server/actors/inspector/event-collector.js:227:17
hasEventListeners@resource://devtools/server/actors/inspector/event-collector.js:800:21
get _hasEventListeners@resource://devtools/server/actors/inspector/node.js:383:33
form@resource://devtools/server/actors/inspector/node.js:207:7
write@resource://devtools/shared/protocol/types.js:358:32
types.addArrayType/write/<@resource://devtools/shared/protocol/types.js:215:33
write@resource://devtools/shared/protocol/types.js:215:16
write@resource://devtools/shared/protocol/Request.js:109:22
write@resource://devtools/shared/protocol/Request.js:39:26
_sendEvent@resource://devtools/shared/protocol/Actor.js:66:24
initialize/<@resource://devtools/shared/protocol/Actor.js:46:16
_emit@resource://devtools/shared/event-emitter.js:226:34
emit@resource://devtools/shared/event-emitter.js:172:18
emit@resource://devtools/shared/event-emitter.js:324:18
_onReflows@resource://devtools/server/actors/inspector/walker.js:591:12
_emit@resource://devtools/shared/event-emitter.js:226:34
emit@resource://devtools/shared/event-emitter.js:172:18
emit@resource://devtools/shared/event-emitter.js:324:18
_startEventLoop@resource://devtools/server/actors/reflow.js:314:12
notify@resource://gre/modules/Timer.jsm:62:17

console.error: "Error writing response to: getCurrentFlexbox"
console.error: "Error while calling actor 'layout's method 'getCurrentFlexbox'" "styles is null"
console.error: "form@resource://devtools/server/actors/layout.js:101:9\nwrite@resource://devtools/shared/protocol/types.js:358:32\nwrite@resource://devtools/shared/protocol/types.js:444:22\nwrite@resource://devtools/shared/protocol/Response.js:99:22\nwrite@resource://devtools/shared/protocol/Response.js:53:29\nsendReturn@resource://devtools/shared/protocol/Actor.js:195:38\n"
console.error: "Error while calling actor 'flexbox's method 'getFlexItems'" "can't access dead object"
console.error: "isNodeDead@resource://devtools/server/actors/layout.js:515:10\ngetFlexItems@resource://devtools/server/actors/layout.js:127:19\nhandler@resource://devtools/shared/protocol/Actor.js:172:37\nonPacket@resource://devtools/server/devtools-server-connection.js:379:58\nreceiveMessage@resource://devtools/shared/transport/child-transport.js:68:16\n"
console.error: "Error while calling actor 'pagestyle's method 'getApplied'" "InspectorUtils.hasRulesModifiedByCSSOM: Argument 1 does not implement interface CSSStyleSheet."
console.error: "get canSetRuleText@resource://devtools/server/actors/style-rule.js:157:25\ngetAuthoredCssText@resource://devtools/server/actors/style-rule.js:573:9\ngetApplied@resource://devtools/server/actors/page-style.js:586:18\n"
console.error: (new Error("Protocol error (TypeError): InspectorUtils.hasRulesModifiedByCSSOM: Argument 1 does not implement interface CSSStyleSheet. from: server0.conn0.child3/pagestyle26 (resource://devtools/server/actors/style-rule.js:157:25)", "resource://devtools/shared/protocol/Front.js", 361))
console.error: "Error while calling actor 'pagestyle's method 'getUsedFontFaces'" "can't access dead object"
console.error: "getUsedFontFaces@resource://devtools/server/actors/page-style.js:369:29\nhandler@resource://devtools/shared/protocol/Actor.js:172:37\nonPacket@resource://devtools/server/devtools-server-connection.js:379:58\nreceiveMessage@resource://devtools/shared/transport/child-transport.js:68:16\n"
console.error: "Error sending event: overflow-change"
console.error: (new TypeError("can't access dead object", "resource://devtools/server/actors/inspector/utils.js", 132))
TypeError: can't access dead object: standardTreeWalkerFilter@resource://devtools/server/actors/inspector/utils.js:132:5
isSkippedNode@resource://devtools/server/actors/inspector/document-walker.js:217:17
getStartingNode@resource://devtools/server/actors/inspector/document-walker.js:172:27
DocumentWalker@resource://devtools/server/actors/inspector/document-walker.js:79:34
getNonAnonymousDocumentWalker@resource://devtools/server/actors/inspector/walker.js:348:12
rawParentNode@resource://devtools/server/actors/inspector/walker.js:697:27
parentNode@resource://devtools/server/actors/inspector/walker.js:676:25
form@resource://devtools/server/actors/inspector/node.js:160:36
write@resource://devtools/shared/protocol/types.js:358:32
types.addArrayType/write/<@resource://devtools/shared/protocol/types.js:215:33
write@resource://devtools/shared/protocol/types.js:215:16
write@resource://devtools/shared/protocol/Request.js:109:22
write@resource://devtools/shared/protocol/Request.js:39:26
_sendEvent@resource://devtools/shared/protocol/Actor.js:66:24
initialize/<@resource://devtools/shared/protocol/Actor.js:46:16
_emit@resource://devtools/shared/event-emitter.js:226:34
emit@resource://devtools/shared/event-emitter.js:172:18
emit@resource://devtools/shared/event-emitter.js:324:18
_onReflows@resource://devtools/server/actors/inspector/walker.js:583:12
_emit@resource://devtools/shared/event-emitter.js:226:34
emit@resource://devtools/shared/event-emitter.js:172:18
emit@resource://devtools/shared/event-emitter.js:324:18
_startEventLoop@resource://devtools/server/actors/reflow.js:314:12
notify@resource://gre/modules/Timer.jsm:62:17

console.error: "Could not get the list of font families" (new Error("Protocol error (TypeError): can't access dead object from: server0.conn0.child3/pagestyle26 (resource://devtools/server/actors/page-style.js:369:29)", "resource://devtools/shared/protocol/Front.js", 361))
console.error: "Error while calling actor 'pagestyle's method 'getLayout'" "can't access dead object"
console.error: "getLayout@resource://devtools/server/actors/page-style.js:1010:24\nhandler@resource://devtools/shared/protocol/Actor.js:172:37\nonPacket@resource://devtools/server/devtools-server-connection.js:379:58\nreceiveMessage@resource://devtools/shared/transport/child-transport.js:68:16\n"
console.error: "Error while calling actor 'pagestyle's method 'getApplied'" "can't access dead object"
console.error: (new Error("Protocol error (TypeError): can't access dead object from: server0.conn0.child3/pagestyle26 (resource://devtools/server/actors/page-style.js:1010:24)", "resource://devtools/shared/protocol/Front.js", 361))
console.error: "getBindingElementAndPseudo@resource://devtools/shared/inspector/css-logic.js:493:7\n_getAllElementRules@resource://devtools/server/actors/page-style.js:635:49\ngetApplied@resource://devtools/server/actors/page-style.js:580:12\nhandler@resource://devtools/shared/protocol/Actor.js:172:37\nonPacket@resource://devtools/server/devtools-server-connection.js:379:58\nreceiveMessage@resource://devtools/shared/transport/child-transport.js:68:16\n"
console.error: (new Error("Protocol error (TypeError): can't access dead object from: server0.conn0.child3/pagestyle26 (resource://devtools/shared/inspector/css-logic.js:493:7)", "resource://devtools/shared/protocol/Front.js", 361))
console.error: (new Error("Protocol error (TypeError): can't access dead object from: server0.conn0.child3/pagestyle26 (resource://devtools/shared/inspector/css-logic.js:493:7)", "resource://devtools/shared/protocol/Front.js", 361))
1612653641866	geckodriver	INFO	Listening on 127.0.0.1:57611
1612653642870	mozrunner::runner	INFO	Running command: "/usr/bin/firefox" "--marionette" "-foreground" "-no-remote" "-profile" "/tmp/rust_mozprofileQdIFML"
console.warn: SearchSettings: "get: No settings file exists, new profile?" (new Error("", "(unknown module)"))
1612653644136	Marionette	INFO	Listening on port 35609
1612653644190	Marionette	WARN	TLS certificate errors will be ignored for this session
1612653644200	Marionette	ERROR	[15] No reply from Marionette:Register
console.warn: SearchSettings: "get: No settings file exists, new profile?" (new Error("", "(unknown module)"))
JavaScript error: resource:///actors/ContentMetaChild.jsm, line 179: InvalidStateError: JSWindowActorChild.sendAsyncMessage: JSWindowActorChild cannot send at the moment
1612653744288	Marionette	INFO	Stopped listening on port 35609
1612653745570	geckodriver	INFO	Listening on 127.0.0.1:40133
1612653746574	mozrunner::runner	INFO	Running command: "/usr/bin/firefox" "--marionette" "-foreground" "-no-remote" "-profile" "/tmp/rust_mozprofileXZXiiG"
console.warn: SearchSettings: "get: No settings file exists, new profile?" (new Error("", "(unknown module)"))
1612653747824	Marionette	INFO	Listening on port 33839
1612653747893	Marionette	WARN	TLS certificate errors will be ignored for this session
1612653747902	Marionette	ERROR	[15] No reply from Marionette:Register
console.warn: SearchSettings: "get: No settings file exists, new profile?" (new Error("", "(unknown module)"))
1612653775903	geckodriver	INFO	Listening on 127.0.0.1:59769
1612653776907	mozrunner::runner	INFO	Running command: "/usr/bin/firefox" "--marionette" "-foreground" "-no-remote" "-profile" "/tmp/rust_mozprofileQmqyFj"
console.warn: SearchSettings: "get: No settings file exists, new profile?" (new Error("", "(unknown module)"))
1612653778167	Marionette	INFO	Listening on port 38995
1612653778223	Marionette	WARN	TLS certificate errors will be ignored for this session
1612653778231	Marionette	ERROR	[15] No reply from Marionette:Register
console.warn: SearchSettings: "get: No settings file exists, new profile?" (new Error("", "(unknown module)"))
console.warn: LoginRecipes: "getRecipes: falling back to a synchronous message for:" "https://www.czc.cz"
console.warn: LoginRecipes: "getRecipes: falling back to a synchronous message for:" "https://www.czc.cz"
console.warn: LoginRecipes: "getRecipes: falling back to a synchronous message for:" "https://www.czc.cz"
console.warn: LoginRecipes: "getRecipes: falling back to a synchronous message for:" "https://www.czc.cz"
console.error: (new TypeError("currentNode is null", "resource://devtools/client/inspector/shared/style-change-tracker.js", 66))
TypeError: currentNode is null: canMutationImpactCurrentStyles@resource://devtools/client/inspector/shared/style-change-tracker.js:66:20
onMutations@resource://devtools/client/inspector/shared/style-change-tracker.js:84:41
_emit@resource://devtools/shared/event-emitter.js:226:34
emit@resource://devtools/shared/event-emitter.js:172:18
emit@resource://devtools/shared/event-emitter.js:324:18
getMutations@resource://devtools/client/fronts/walker.js:358:10

1612654283966	Marionette	INFO	Stopped listening on port 33839
1612654286138	geckodriver	INFO	Listening on 127.0.0.1:53995
1612654287141	mozrunner::runner	INFO	Running command: "/usr/bin/firefox" "--marionette" "-foreground" "-no-remote" "-profile" "/tmp/rust_mozprofile7FWfoX"
console.warn: SearchSettings: "get: No settings file exists, new profile?" (new Error("", "(unknown module)"))
1612654288388	Marionette	INFO	Listening on port 43789
1612654288461	Marionette	WARN	TLS certificate errors will be ignored for this session
1612654288470	Marionette	ERROR	[15] No reply from Marionette:Register
console.warn: SearchSettings: "get: No settings file exists, new profile?" (new Error("", "(unknown module)"))
console.warn: LoginRecipes: "getRecipes: falling back to a synchronous message for:" "https://www.czc.cz"
1612654345904	geckodriver	INFO	Listening on 127.0.0.1:46087
1612654346908	mozrunner::runner	INFO	Running command: "/usr/bin/firefox" "--marionette" "-foreground" "-no-remote" "-profile" "/tmp/rust_mozprofilem5Udxb"
console.warn: SearchSettings: "get: No settings file exists, new profile?" (new Error("", "(unknown module)"))
1612654348231	Marionette	INFO	Listening on port 43923
1612654348328	Marionette	WARN	TLS certificate errors will be ignored for this session
1612654348337	Marionette	ERROR	[18] No reply from Marionette:Register
console.warn: SearchSettings: "get: No settings file exists, new profile?" (new Error("", "(unknown module)"))
1612654391469	geckodriver	INFO	Listening on 127.0.0.1:42141
1612654392473	mozrunner::runner	INFO	Running command: "/usr/bin/firefox" "--marionette" "-foreground" "-no-remote" "-profile" "/tmp/rust_mozprofileAf0Mfn"
console.warn: SearchSettings: "get: No settings file exists, new profile?" (new Error("", "(unknown module)"))
1612654393741	Marionette	INFO	Listening on port 36597
1612654393790	Marionette	WARN	TLS certificate errors will be ignored for this session
1612654393800	Marionette	ERROR	[15] No reply from Marionette:Register
console.warn: SearchSettings: "get: No settings file exists, new profile?" (new Error("", "(unknown module)"))
console.warn: LoginRecipes: "getRecipes: falling back to a synchronous message for:" "https://www.czc.cz"
console.error: (new TypeError("parent is null", "resource://devtools/client/inspector/shared/style-change-tracker.js", 67))
TypeError: parent is null: canMutationImpactCurrentStyles@resource://devtools/client/inspector/shared/style-change-tracker.js:67:24
onMutations@resource://devtools/client/inspector/shared/style-change-tracker.js:84:41
_emit@resource://devtools/shared/event-emitter.js:226:34
emit@resource://devtools/shared/event-emitter.js:172:18
emit@resource://devtools/shared/event-emitter.js:324:18
getMutations@resource://devtools/client/fronts/walker.js:358:10

console.error: (new TypeError("container.node.targetFront is null", "resource://devtools/client/inspector/markup/markup.js", 2241))
console.error: (new TypeError("container.node.targetFront is null", "resource://devtools/client/inspector/markup/markup.js", 2241))
console.warn: LoginRecipes: "getRecipes: falling back to a synchronous message for:" "https://www.czc.cz"
console.warn: LoginRecipes: "getRecipes: falling back to a synchronous message for:" "https://www.czc.cz"
console.warn: LoginRecipes: "getRecipes: falling back to a synchronous message for:" "https://www.czc.cz"
console.warn: LoginRecipes: "getRecipes: falling back to a synchronous message for:" "https://www.czc.cz"
console.warn: LoginRecipes: "getRecipes: falling back to a synchronous message for:" "https://www.czc.cz"
console.warn: LoginRecipes: "getRecipes: falling back to a synchronous message for:" "https://www.czc.cz"
1612654727043	geckodriver	INFO	Listening on 127.0.0.1:42413
1612654728047	mozrunner::runner	INFO	Running command: "/usr/bin/firefox" "--marionette" "-foreground" "-no-remote" "-profile" "/tmp/rust_mozprofile4IVt7F"
console.warn: SearchSettings: "get: No settings file exists, new profile?" (new Error("", "(unknown module)"))
1612654729316	Marionette	INFO	Listening on port 38061
1612654729370	Marionette	WARN	TLS certificate errors will be ignored for this session
1612654729379	Marionette	ERROR	[15] No reply from Marionette:Register
console.warn: SearchSettings: "get: No settings file exists, new profile?" (new Error("", "(unknown module)"))
console.warn: LoginRecipes: "getRecipes: falling back to a synchronous message for:" "https://www.czc.cz"
console.warn: LoginRecipes: "getRecipes: falling back to a synchronous message for:" "https://www.czc.cz"
1612654793537	Marionette	INFO	Stopped listening on port 38061
1612654794838	geckodriver	INFO	Listening on 127.0.0.1:48537
1612654795842	mozrunner::runner	INFO	Running command: "/usr/bin/firefox" "--marionette" "-foreground" "-no-remote" "-profile" "/tmp/rust_mozprofileN6JWHA"
console.warn: SearchSettings: "get: No settings file exists, new profile?" (new Error("", "(unknown module)"))
1612654797128	Marionette	INFO	Listening on port 33261
1612654797162	Marionette	WARN	TLS certificate errors will be ignored for this session
1612654797169	Marionette	ERROR	[15] No reply from Marionette:Register
console.warn: SearchSettings: "get: No settings file exists, new profile?" (new Error("", "(unknown module)"))
1612654909172	geckodriver	INFO	Listening on 127.0.0.1:60567
1612654910176	mozrunner::runner	INFO	Running command: "/usr/bin/firefox" "--marionette" "-foreground" "-no-remote" "-profile" "/tmp/rust_mozprofilelQWTUo"
console.warn: SearchSettings: "get: No settings file exists, new profile?" (new Error("", "(unknown module)"))
1612654911505	Marionette	INFO	Listening on port 35013
1612654911597	Marionette	WARN	TLS certificate errors will be ignored for this session
1612654911606	Marionette	ERROR	[15] No reply from Marionette:Register
console.warn: SearchSettings: "get: No settings file exists, new profile?" (new Error("", "(unknown module)"))
1612654975684	geckodriver	INFO	Listening on 127.0.0.1:55683
1612654976688	mozrunner::runner	INFO	Running command: "/usr/bin/firefox" "--marionette" "-foreground" "-no-remote" "-profile" "/tmp/rust_mozprofileeH69SC"
console.warn: SearchSettings: "get: No settings file exists, new profile?" (new Error("", "(unknown module)"))
1612654977969	Marionette	INFO	Listening on port 33485
1612654978008	Marionette	WARN	TLS certificate errors will be ignored for this session
1612654978017	Marionette	ERROR	[15] No reply from Marionette:Register
console.warn: SearchSettings: "get: No settings file exists, new profile?" (new Error("", "(unknown module)"))
1612655006374	geckodriver	INFO	Listening on 127.0.0.1:55685
1612655007378	mozrunner::runner	INFO	Running command: "/usr/bin/firefox" "--marionette" "-foreground" "-no-remote" "-profile" "/tmp/rust_mozprofileN8POTX"
console.warn: SearchSettings: "get: No settings file exists, new profile?" (new Error("", "(unknown module)"))
1612655008681	Marionette	INFO	Listening on port 41329
1612655008802	Marionette	WARN	TLS certificate errors will be ignored for this session
1612655008811	Marionette	ERROR	[15] No reply from Marionette:Register
console.warn: SearchSettings: "get: No settings file exists, new profile?" (new Error("", "(unknown module)"))
1612655033449	Marionette	INFO	Stopped listening on port 41329
1612690313858	Marionette	INFO	Stopped listening on port 38995
1612690342786	Marionette	INFO	Stopped listening on port 33485
1612690345010	Marionette	INFO	Stopped listening on port 35013
IPDL protocol error: Handler returned error code!

###!!! [Parent][DispatchAsyncMessage] Error: PLayerTransaction::Msg_ReleaseLayer Processing error: message was deserialized, but the handler returned false (indicating failure)

IPDL protocol error: Handler returned error code!

###!!! [Parent][DispatchAsyncMessage] Error: PLayerTransaction::Msg_ReleaseLayer Processing error: message was deserialized, but the handler returned false (indicating failure)

IPDL protocol error: Handler returned error code!

###!!! [Parent][DispatchAsyncMessage] Error: PLayerTransaction::Msg_ReleaseLayer Processing error: message was deserialized, but the handler returned false (indicating failure)

IPDL protocol error: Handler returned error code!

###!!! [Parent][DispatchAsyncMessage] Error: PLayerTransaction::Msg_ReleaseLayer Processing error: message was deserialized, but the handler returned false (indicating failure)

IPDL protocol error: Handler returned error code!

###!!! [Parent][DispatchAsyncMessage] Error: PLayerTransaction::Msg_ReleaseLayer Processing error: message was deserialized, but the handler returned false (indicating failure)

IPDL protocol error: Handler returned error code!

###!!! [Parent][DispatchAsyncMessage] Error: PLayerTransaction::Msg_ReleaseLayer Processing error: message was deserialized, but the handler returned false (indicating failure)

IPDL protocol error: Handler returned error code!

###!!! [Parent][DispatchAsyncMessage] Error: PLayerTransaction::Msg_ReleaseLayer Processing error: message was deserialized, but the handler returned false (indicating failure)

IPDL protocol error: Handler returned error code!

###!!! [Parent][DispatchAsyncMessage] Error: PLayerTransaction::Msg_ReleaseLayer Processing error: message was deserialized, but the handler returned false (indicating failure)

IPDL protocol error: Handler returned error code!

###!!! [Parent][DispatchAsyncMessage] Error: PLayerTransaction::Msg_ReleaseLayer Processing error: message was deserialized, but the handler returned false (indicating failure)

IPDL protocol error: Handler returned error code!

###!!! [Parent][DispatchAsyncMessage] Error: PLayerTransaction::Msg_ReleaseLayer Processing error: message was deserialized, but the handler returned false (indicating failure)

IPDL protocol error: Handler returned error code!

###!!! [Parent][DispatchAsyncMessage] Error: PLayerTransaction::Msg_ReleaseLayer Processing error: message was deserialized, but the handler returned false (indicating failure)

1612690347359	Marionette	INFO	Stopped listening on port 33261
IPDL protocol error: Handler returned error code!

###!!! [Parent][DispatchAsyncMessage] Error: PLayerTransaction::Msg_ReleaseLayer Processing error: message was deserialized, but the handler returned false (indicating failure)

IPDL protocol error: Handler returned error code!

###!!! [Parent][DispatchAsyncMessage] Error: PLayerTransaction::Msg_ReleaseLayer Processing error: message was deserialized, but the handler returned false (indicating failure)

IPDL protocol error: Handler returned error code!

###!!! [Parent][DispatchAsyncMessage] Error: PLayerTransaction::Msg_ReleaseLayer Processing error: message was deserialized, but the handler returned false (indicating failure)

IPDL protocol error: Handler returned error code!

###!!! [Parent][DispatchAsyncMessage] Error: PLayerTransaction::Msg_ReleaseLayer Processing error: message was deserialized, but the handler returned false (indicating failure)

IPDL protocol error: Handler returned error code!

###!!! [Parent][DispatchAsyncMessage] Error: PLayerTransaction::Msg_ReleaseLayer Processing error: message was deserialized, but the handler returned false (indicating failure)

IPDL protocol error: Handler returned error code!

###!!! [Parent][DispatchAsyncMessage] Error: PLayerTransaction::Msg_ReleaseLayer Processing error: message was deserialized, but the handler returned false (indicating failure)

IPDL protocol error: Handler returned error code!

###!!! [Parent][DispatchAsyncMessage] Error: PLayerTransaction::Msg_ReleaseLayer Processing error: message was deserialized, but the handler returned false (indicating failure)

IPDL protocol error: Handler returned error code!

###!!! [Parent][DispatchAsyncMessage] Error: PLayerTransaction::Msg_ReleaseLayer Processing error: message was deserialized, but the handler returned false (indicating failure)

IPDL protocol error: Handler returned error code!

###!!! [Parent][DispatchAsyncMessage] Error: PLayerTransaction::Msg_ReleaseLayer Processing error: message was deserialized, but the handler returned false (indicating failure)

IPDL protocol error: Handler returned error code!

###!!! [Parent][DispatchAsyncMessage] Error: PLayerTransaction::Msg_ReleaseLayer Processing error: message was deserialized, but the handler returned false (indicating failure)

IPDL protocol error: Handler returned error code!

###!!! [Parent][DispatchAsyncMessage] Error: PLayerTransaction::Msg_ReleaseLayer Processing error: message was deserialized, but the handler returned false (indicating failure)

1612690349385	Marionette	INFO	Stopped listening on port 36597
1612690352475	Marionette	INFO	Stopped listening on port 43923
IPDL protocol error: Handler returned error code!

###!!! [Parent][DispatchAsyncMessage] Error: PLayerTransaction::Msg_ReleaseLayer Processing error: message was deserialized, but the handler returned false (indicating failure)

IPDL protocol error: Handler returned error code!

###!!! [Parent][DispatchAsyncMessage] Error: PLayerTransaction::Msg_ReleaseLayer Processing error: message was deserialized, but the handler returned false (indicating failure)

IPDL protocol error: Handler returned error code!

###!!! [Parent][DispatchAsyncMessage] Error: PLayerTransaction::Msg_ReleaseLayer Processing error: message was deserialized, but the handler returned false (indicating failure)

IPDL protocol error: Handler returned error code!

###!!! [Parent][DispatchAsyncMessage] Error: PLayerTransaction::Msg_ReleaseLayer Processing error: message was deserialized, but the handler returned false (indicating failure)

IPDL protocol error: Handler returned error code!

###!!! [Parent][DispatchAsyncMessage] Error: PLayerTransaction::Msg_ReleaseLayer Processing error: message was deserialized, but the handler returned false (indicating failure)

IPDL protocol error: Handler returned error code!

###!!! [Parent][DispatchAsyncMessage] Error: PLayerTransaction::Msg_ReleaseLayer Processing error: message was deserialized, but the handler returned false (indicating failure)

IPDL protocol error: Handler returned error code!

###!!! [Parent][DispatchAsyncMessage] Error: PLayerTransaction::Msg_ReleaseLayer Processing error: message was deserialized, but the handler returned false (indicating failure)

IPDL protocol error: Handler returned error code!

###!!! [Parent][DispatchAsyncMessage] Error: PLayerTransaction::Msg_ReleaseLayer Processing error: message was deserialized, but the handler returned false (indicating failure)

IPDL protocol error: Handler returned error code!

###!!! [Parent][DispatchAsyncMessage] Error: PLayerTransaction::Msg_ReleaseLayer Processing error: message was deserialized, but the handler returned false (indicating failure)

1612690354869	Marionette	INFO	Stopped listening on port 43789
IPDL protocol error: Handler returned error code!

###!!! [Parent][DispatchAsyncMessage] Error: PLayerTransaction::Msg_ReleaseLayer Processing error: message was deserialized, but the handler returned false (indicating failure)

IPDL protocol error: Handler returned error code!

###!!! [Parent][DispatchAsyncMessage] Error: PLayerTransaction::Msg_ReleaseLayer Processing error: message was deserialized, but the handler returned false (indicating failure)

IPDL protocol error: Handler returned error code!

###!!! [Parent][DispatchAsyncMessage] Error: PLayerTransaction::Msg_ReleaseLayer Processing error: message was deserialized, but the handler returned false (indicating failure)

IPDL protocol error: Handler returned error code!

###!!! [Parent][DispatchAsyncMessage] Error: PLayerTransaction::Msg_ReleaseLayer Processing error: message was deserialized, but the handler returned false (indicating failure)

IPDL protocol error: Handler returned error code!

###!!! [Parent][DispatchAsyncMessage] Error: PLayerTransaction::Msg_ReleaseLayer Processing error: message was deserialized, but the handler returned false (indicating failure)

IPDL protocol error: Handler returned error code!

###!!! [Parent][DispatchAsyncMessage] Error: PLayerTransaction::Msg_ReleaseLayer Processing error: message was deserialized, but the handler returned false (indicating failure)

IPDL protocol error: Handler returned error code!

###!!! [Parent][DispatchAsyncMessage] Error: PLayerTransaction::Msg_ReleaseLayer Processing error: message was deserialized, but the handler returned false (indicating failure)

IPDL protocol error: Handler returned error code!

###!!! [Parent][DispatchAsyncMessage] Error: PLayerTransaction::Msg_ReleaseLayer Processing error: message was deserialized, but the handler returned false (indicating failure)

IPDL protocol error: Handler returned error code!

###!!! [Parent][DispatchAsyncMessage] Error: PLayerTransaction::Msg_ReleaseLayer Processing error: message was deserialized, but the handler returned false (indicating failure)

IPDL protocol error: Handler returned error code!

###!!! [Parent][DispatchAsyncMessage] Error: PLayerTransaction::Msg_ReleaseLayer Processing error: message was deserialized, but the handler returned false (indicating failure)

IPDL protocol error: Handler returned error code!

###!!! [Parent][DispatchAsyncMessage] Error: PLayerTransaction::Msg_ReleaseLayer Processing error: message was deserialized, but the handler returned false (indicating failure)

IPDL protocol error: Handler returned error code!

###!!! [Parent][DispatchAsyncMessage] Error: PLayerTransaction::Msg_ReleaseLayer Processing error: message was deserialized, but the handler returned false (indicating failure)

IPDL protocol error: Handler returned error code!

###!!! [Parent][DispatchAsyncMessage] Error: PLayerTransaction::Msg_ReleaseLayer Processing error: message was deserialized, but the handler returned false (indicating failure)

IPDL protocol error: Handler returned error code!

###!!! [Parent][DispatchAsyncMessage] Error: PLayerTransaction::Msg_ReleaseLayer Processing error: message was deserialized, but the handler returned false (indicating failure)

1612690357132	Marionette	INFO	Stopped listening on port 35635
1612785899107	geckodriver	INFO	Listening on 127.0.0.1:58767
1612785900104	mozrunner::runner	INFO	Running command: "/usr/bin/firefox" "--marionette" "-foreground" "-no-remote" "-profile" "/tmp/rust_mozprofileBGkfgi"
console.warn: SearchSettings: "get: No settings file exists, new profile?" (new Error("", "(unknown module)"))
1612785901362	Marionette	INFO	Listening on port 43845
1612785901424	Marionette	WARN	TLS certificate errors will be ignored for this session
1612785901433	Marionette	ERROR	[15] No reply from Marionette:Register
console.warn: SearchSettings: "get: No settings file exists, new profile?" (new Error("", "(unknown module)"))
1612788267047	Marionette	INFO	Stopped listening on port 43845
1612791537000	geckodriver	INFO	Listening on 127.0.0.1:37729
1612791538003	mozrunner::runner	INFO	Running command: "/usr/bin/firefox" "--marionette" "-foreground" "-no-remote" "-profile" "/tmp/rust_mozprofilepEw8cf"
console.warn: SearchSettings: "get: No settings file exists, new profile?" (new Error("", "(unknown module)"))
1612791539392	Marionette	INFO	Listening on port 36369
1612791539418	Marionette	WARN	TLS certificate errors will be ignored for this session
1612791539428	Marionette	ERROR	[15] No reply from Marionette:Register
console.warn: SearchSettings: "get: No settings file exists, new profile?" (new Error("", "(unknown module)"))
1612791659683	Marionette	INFO	Stopped listening on port 36369
1612820171690	geckodriver	INFO	Listening on 127.0.0.1:57917
1612820171693	mozrunner::runner	INFO	Running command: "/usr/bin/firefox" "--marionette" "-foreground" "-no-remote" "-profile" "/tmp/rust_mozprofileqTlKjr"
console.warn: SearchSettings: "get: No settings file exists, new profile?" (new Error("", "(unknown module)"))
1612820173042	Marionette	INFO	Listening on port 38177
1612820173114	Marionette	WARN	TLS certificate errors will be ignored for this session
1612820173121	Marionette	ERROR	[15] No reply from Marionette:Register
console.warn: SearchSettings: "get: No settings file exists, new profile?" (new Error("", "(unknown module)"))
Handler function _httpStopRequest threw an exception: [Exception... "Component returned failure code: 0x80004005 (NS_ERROR_FAILURE) [nsITraceableChannel.setNewListener]"  nsresult: "0x80004005 (NS_ERROR_FAILURE)"  location: "JS frame :: resource://devtools/server/actors/network-monitor/network-observer.js :: _setupResponseListener :: line 1086"  data: no]
Stack: _setupResponseListener@resource://devtools/server/actors/network-monitor/network-observer.js:1086:38
_createNetworkEvent@resource://devtools/server/actors/network-monitor/network-observer.js:912:12
_httpStopRequest@resource://devtools/server/actors/network-monitor/network-observer.js:409:14
exports.makeInfallible/<@resource://devtools/shared/ThreadSafeDevToolsUtils.js:103:22
Line: 1086, column: 0
console.error: ({})
Handler function _httpStopRequest threw an exception: [Exception... "Component returned failure code: 0x80004005 (NS_ERROR_FAILURE) [nsITraceableChannel.setNewListener]"  nsresult: "0x80004005 (NS_ERROR_FAILURE)"  location: "JS frame :: resource://devtools/server/actors/network-monitor/network-observer.js :: _setupResponseListener :: line 1086"  data: no]
Stack: _setupResponseListener@resource://devtools/server/actors/network-monitor/network-observer.js:1086:38
_createNetworkEvent@resource://devtools/server/actors/network-monitor/network-observer.js:912:12
_httpStopRequest@resource://devtools/server/actors/network-monitor/network-observer.js:409:14
exports.makeInfallible/<@resource://devtools/shared/ThreadSafeDevToolsUtils.js:103:22
Line: 1086, column: 0
console.error: ({})
1612820372629	geckodriver	INFO	Listening on 127.0.0.1:36349
1612820372632	mozrunner::runner	INFO	Running command: "/usr/bin/firefox" "--marionette" "-foreground" "-no-remote" "-profile" "/tmp/rust_mozprofilevDDmO2"
console.warn: SearchSettings: "get: No settings file exists, new profile?" (new Error("", "(unknown module)"))
1612820373960	Marionette	INFO	Listening on port 33409
1612820374054	Marionette	WARN	TLS certificate errors will be ignored for this session
1612820374062	Marionette	ERROR	[15] No reply from Marionette:Register
console.warn: SearchSettings: "get: No settings file exists, new profile?" (new Error("", "(unknown module)"))
1612820380865	Marionette	ERROR	[33] No reply from Marionette:Register
1612820420889	geckodriver	INFO	Listening on 127.0.0.1:52175
1612820420893	mozrunner::runner	INFO	Running command: "/usr/bin/firefox" "--marionette" "-foreground" "-no-remote" "-profile" "/tmp/rust_mozprofileNH8ySL"
console.warn: SearchSettings: "get: No settings file exists, new profile?" (new Error("", "(unknown module)"))
1612820422257	Marionette	INFO	Listening on port 38649
1612820422311	Marionette	WARN	TLS certificate errors will be ignored for this session
1612820422321	Marionette	ERROR	[15] No reply from Marionette:Register
console.warn: SearchSettings: "get: No settings file exists, new profile?" (new Error("", "(unknown module)"))
1612820423481	Marionette	ERROR	[33] No reply from Marionette:Register
1612820489204	Marionette	INFO	Stopped listening on port 38649
1612820506300	Marionette	INFO	Stopped listening on port 33409
IPDL protocol error: Handler returned error code!

###!!! [Parent][DispatchAsyncMessage] Error: PLayerTransaction::Msg_ReleaseLayer Processing error: message was deserialized, but the handler returned false (indicating failure)

IPDL protocol error: Handler returned error code!

###!!! [Parent][DispatchAsyncMessage] Error: PLayerTransaction::Msg_ReleaseLayer Processing error: message was deserialized, but the handler returned false (indicating failure)

IPDL protocol error: Handler returned error code!

###!!! [Parent][DispatchAsyncMessage] Error: PLayerTransaction::Msg_ReleaseLayer Processing error: message was deserialized, but the handler returned false (indicating failure)

IPDL protocol error: Handler returned error code!

###!!! [Parent][DispatchAsyncMessage] Error: PLayerTransaction::Msg_ReleaseLayer Processing error: message was deserialized, but the handler returned false (indicating failure)

IPDL protocol error: Handler returned error code!

###!!! [Parent][DispatchAsyncMessage] Error: PLayerTransaction::Msg_ReleaseLayer Processing error: message was deserialized, but the handler returned false (indicating failure)

IPDL protocol error: Handler returned error code!

###!!! [Parent][DispatchAsyncMessage] Error: PLayerTransaction::Msg_ReleaseLayer Processing error: message was deserialized, but the handler returned false (indicating failure)

IPDL protocol error: Handler returned error code!

###!!! [Parent][DispatchAsyncMessage] Error: PLayerTransaction::Msg_ReleaseLayer Processing error: message was deserialized, but the handler returned false (indicating failure)

1612820514026	Marionette	INFO	Stopped listening on port 38177
1612820571348	geckodriver	INFO	Listening on 127.0.0.1:52209
1612820571352	mozrunner::runner	INFO	Running command: "/usr/bin/firefox" "--marionette" "-foreground" "-no-remote" "-profile" "/tmp/rust_mozprofileQdgoGu"
console.warn: SearchSettings: "get: No settings file exists, new profile?" (new Error("", "(unknown module)"))
1612820572715	Marionette	INFO	Listening on port 40097
1612820572769	Marionette	WARN	TLS certificate errors will be ignored for this session
1612820572778	Marionette	ERROR	[15] No reply from Marionette:Register
console.warn: SearchSettings: "get: No settings file exists, new profile?" (new Error("", "(unknown module)"))
1612820586791	geckodriver	INFO	Listening on 127.0.0.1:59183
1612820586793	mozrunner::runner	INFO	Running command: "/usr/bin/firefox" "--marionette" "-foreground" "-no-remote" "-profile" "/tmp/rust_mozprofilelBJmx9"
console.warn: SearchSettings: "get: No settings file exists, new profile?" (new Error("", "(unknown module)"))
1612820588203	Marionette	INFO	Listening on port 42209
1612820588314	Marionette	WARN	TLS certificate errors will be ignored for this session
1612820588328	Marionette	ERROR	[15] No reply from Marionette:Register
console.warn: SearchSettings: "get: No settings file exists, new profile?" (new Error("", "(unknown module)"))
1612820594358	Marionette	INFO	Stopped listening on port 42209
1612820646816	geckodriver	INFO	Listening on 127.0.0.1:35507
1612820646818	mozrunner::runner	INFO	Running command: "/usr/bin/firefox" "--marionette" "-foreground" "-no-remote" "-profile" "/tmp/rust_mozprofileHojv6k"
console.warn: SearchSettings: "get: No settings file exists, new profile?" (new Error("", "(unknown module)"))
1612820648177	Marionette	INFO	Listening on port 40239
1612820648238	Marionette	WARN	TLS certificate errors will be ignored for this session
1612820648247	Marionette	ERROR	[15] No reply from Marionette:Register
console.warn: SearchSettings: "get: No settings file exists, new profile?" (new Error("", "(unknown module)"))
1612820698230	Marionette	INFO	Stopped listening on port 40239
1612820700311	Marionette	INFO	Stopped listening on port 40097
1612862856242	geckodriver	INFO	Listening on 127.0.0.1:37669
1612862857245	mozrunner::runner	INFO	Running command: "/usr/bin/firefox" "--marionette" "-foreground" "-no-remote" "-profile" "/tmp/rust_mozprofile2ULI7p"
console.warn: SearchSettings: "get: No settings file exists, new profile?" (new Error("", "(unknown module)"))
1612862858494	Marionette	INFO	Listening on port 33463
1612862858563	Marionette	WARN	TLS certificate errors will be ignored for this session
1612862858571	Marionette	ERROR	[15] No reply from Marionette:Register
console.warn: SearchSettings: "get: No settings file exists, new profile?" (new Error("", "(unknown module)"))
JavaScript error: https://www.googletagmanager.com/gtm.js?id=GTM-N4KH2, line 1375: uncaught exception: [object Object]
JavaScript error: https://www.googletagmanager.com/gtm.js?id=GTM-N4KH2, line 1375: uncaught exception: [object Object]
1612865691074	Marionette	INFO	Stopped listening on port 33463
1613235598416	geckodriver	INFO	Listening on 127.0.0.1:37841
1613235598419	mozrunner::runner	INFO	Running command: "/usr/bin/firefox" "--marionette" "-foreground" "-no-remote" "-profile" "/tmp/rust_mozprofiledzyO8W"
console.warn: SearchSettings: "get: No settings file exists, new profile?" (new Error("", "(unknown module)"))
1613235599902	Marionette	INFO	Listening on port 43557
1613235599937	Marionette	WARN	TLS certificate errors will be ignored for this session
1613235599945	Marionette	ERROR	[15] No reply from Marionette:Register
console.warn: SearchSettings: "get: No settings file exists, new profile?" (new Error("", "(unknown module)"))
1613235649452	Marionette	INFO	Stopped listening on port 43557
1613238886119	geckodriver	INFO	Listening on 127.0.0.1:51895
1613238886121	mozrunner::runner	INFO	Running command: "/usr/bin/firefox" "--marionette" "-foreground" "-no-remote" "-profile" "/tmp/rust_mozprofilez6M0YQ"
console.warn: SearchSettings: "get: No settings file exists, new profile?" (new Error("", "(unknown module)"))
1613238887447	Marionette	INFO	Listening on port 36113
1613238887541	Marionette	WARN	TLS certificate errors will be ignored for this session
1613238887550	Marionette	ERROR	[15] No reply from Marionette:Register
console.warn: SearchSettings: "get: No settings file exists, new profile?" (new Error("", "(unknown module)"))
1613238937391	Marionette	INFO	Stopped listening on port 36113
1613238944407	geckodriver	INFO	Listening on 127.0.0.1:34561
1613238944410	mozrunner::runner	INFO	Running command: "/usr/bin/firefox" "--marionette" "-foreground" "-no-remote" "-profile" "/tmp/rust_mozprofileyE5IP9"
console.warn: SearchSettings: "get: No settings file exists, new profile?" (new Error("", "(unknown module)"))
1613238945733	Marionette	INFO	Listening on port 45229
1613238945831	Marionette	WARN	TLS certificate errors will be ignored for this session
1613238945840	Marionette	ERROR	[15] No reply from Marionette:Register
console.warn: SearchSettings: "get: No settings file exists, new profile?" (new Error("", "(unknown module)"))
console.log: WebExtensions: reset-default-search: No addons in our list are installed.
1613240718203	geckodriver	INFO	Listening on 127.0.0.1:46153
1613240718206	mozrunner::runner	INFO	Running command: "/usr/bin/firefox" "--marionette" "-foreground" "-no-remote" "-profile" "/tmp/rust_mozprofile3ufEzu"
console.warn: SearchSettings: "get: No settings file exists, new profile?" (new Error("", "(unknown module)"))
1613240719499	Marionette	INFO	Listening on port 34827
1613240719524	Marionette	WARN	TLS certificate errors will be ignored for this session
1613240719533	Marionette	ERROR	[15] No reply from Marionette:Register
console.warn: SearchSettings: "get: No settings file exists, new profile?" (new Error("", "(unknown module)"))
1613240883703	geckodriver	INFO	Listening on 127.0.0.1:37899
1613240883706	mozrunner::runner	INFO	Running command: "/usr/bin/firefox" "--marionette" "-foreground" "-no-remote" "-profile" "/tmp/rust_mozprofilewKzI1c"
console.warn: SearchSettings: "get: No settings file exists, new profile?" (new Error("", "(unknown module)"))
1613240885018	Marionette	INFO	Listening on port 43055
1613240885126	Marionette	WARN	TLS certificate errors will be ignored for this session
1613240885135	Marionette	ERROR	[15] No reply from Marionette:Register
console.warn: SearchSettings: "get: No settings file exists, new profile?" (new Error("", "(unknown module)"))
1613240887751	Marionette	INFO	Stopped listening on port 43055
1613240892487	geckodriver	INFO	Listening on 127.0.0.1:54603
1613240892491	mozrunner::runner	INFO	Running command: "/usr/bin/firefox" "--marionette" "-foreground" "-no-remote" "-profile" "/tmp/rust_mozprofile8zExTE"
console.warn: SearchSettings: "get: No settings file exists, new profile?" (new Error("", "(unknown module)"))
1613240893830	Marionette	INFO	Listening on port 39953
1613240893913	Marionette	WARN	TLS certificate errors will be ignored for this session
1613240893921	Marionette	ERROR	[15] No reply from Marionette:Register
console.warn: SearchSettings: "get: No settings file exists, new profile?" (new Error("", "(unknown module)"))
1613240897074	Marionette	INFO	Stopped listening on port 45229
1613240898178	Marionette	INFO	Stopped listening on port 34827
1613240961713	geckodriver	INFO	Listening on 127.0.0.1:50931
1613240961717	mozrunner::runner	INFO	Running command: "/usr/bin/firefox" "--marionette" "-foreground" "-no-remote" "-profile" "/tmp/rust_mozprofileVoTywW"
console.warn: SearchSettings: "get: No settings file exists, new profile?" (new Error("", "(unknown module)"))
1613240963028	Marionette	INFO	Listening on port 34229
1613240963137	Marionette	WARN	TLS certificate errors will be ignored for this session
1613240963146	Marionette	ERROR	[15] No reply from Marionette:Register
console.warn: SearchSettings: "get: No settings file exists, new profile?" (new Error("", "(unknown module)"))
1613241030607	geckodriver	INFO	Listening on 127.0.0.1:34303
1613241030610	mozrunner::runner	INFO	Running command: "/usr/bin/firefox" "--marionette" "-foreground" "-no-remote" "-profile" "/tmp/rust_mozprofilewsDVOH"
console.warn: SearchSettings: "get: No settings file exists, new profile?" (new Error("", "(unknown module)"))
1613241031924	Marionette	INFO	Listening on port 44351
1613241032033	Marionette	WARN	TLS certificate errors will be ignored for this session
1613241032042	Marionette	ERROR	[15] No reply from Marionette:Register
console.warn: SearchSettings: "get: No settings file exists, new profile?" (new Error("", "(unknown module)"))
1613241039103	Marionette	INFO	Stopped listening on port 44351
console.log: WebExtensions: reset-default-search: No addons in our list are installed.
console.log: WebExtensions: reset-default-search: No addons in our list are installed.
1613246962760	Marionette	INFO	Stopped listening on port 39953
1613246964314	Marionette	INFO	Stopped listening on port 34229

###!!! [Parent][RunMessage] Error: Channel closing: too late to send/recv, messages will be lost

1613247035064	geckodriver	INFO	Listening on 127.0.0.1:53445
1613247035066	mozrunner::runner	INFO	Running command: "/usr/bin/firefox" "--marionette" "-foreground" "-no-remote" "-profile" "/tmp/rust_mozprofileavUy35"
console.warn: SearchSettings: "get: No settings file exists, new profile?" (new Error("", "(unknown module)"))
console.warn: SearchSettings: "get: No settings file exists, new profile?" (new Error("", "(unknown module)"))
1613247036639	Marionette	INFO	Listening on port 43023
1613247036702	Marionette	WARN	TLS certificate errors will be ignored for this session
1613247036712	Marionette	ERROR	[15] No reply from Marionette:Register
1613247043341	Marionette	INFO	Stopped listening on port 43023
1613250250090	geckodriver	INFO	Listening on 127.0.0.1:48509
1613250250093	mozrunner::runner	INFO	Running command: "/usr/bin/firefox" "--marionette" "-foreground" "-no-remote" "-profile" "/tmp/rust_mozprofileXCVfSZ"
console.warn: SearchSettings: "get: No settings file exists, new profile?" (new Error("", "(unknown module)"))
1613250251383	Marionette	INFO	Listening on port 43017
1613250251412	Marionette	WARN	TLS certificate errors will be ignored for this session
1613250251421	Marionette	ERROR	[15] No reply from Marionette:Register
console.warn: SearchSettings: "get: No settings file exists, new profile?" (new Error("", "(unknown module)"))
1613250342081	geckodriver	INFO	Listening on 127.0.0.1:37933
1613250342084	mozrunner::runner	INFO	Running command: "/usr/bin/firefox" "--marionette" "-foreground" "-no-remote" "-profile" "/tmp/rust_mozprofileMTax07"
console.warn: SearchSettings: "get: No settings file exists, new profile?" (new Error("", "(unknown module)"))
console.warn: SearchSettings: "get: No settings file exists, new profile?" (new Error("", "(unknown module)"))
1613250343624	Marionette	INFO	Listening on port 38229
1613250343703	Marionette	WARN	TLS certificate errors will be ignored for this session
1613250343713	Marionette	ERROR	[15] No reply from Marionette:Register
console.log: WebExtensions: reset-default-search: No addons in our list are installed.
console.log: WebExtensions: reset-default-search: No addons in our list are installed.
1613250796947	geckodriver	INFO	Listening on 127.0.0.1:35735
1613250796949	mozrunner::runner	INFO	Running command: "/usr/bin/firefox" "--marionette" "-foreground" "-no-remote" "-profile" "/tmp/rust_mozprofileo0kXnu"
console.warn: SearchSettings: "get: No settings file exists, new profile?" (new Error("", "(unknown module)"))
1613250798365	Marionette	INFO	Listening on port 42267
1613250798479	Marionette	WARN	TLS certificate errors will be ignored for this session
console.warn: SearchSettings: "get: No settings file exists, new profile?" (new Error("", "(unknown module)"))
1613250798489	Marionette	ERROR	[15] No reply from Marionette:Register
1613250922599	geckodriver	INFO	Listening on 127.0.0.1:40075
1613250922601	mozrunner::runner	INFO	Running command: "/usr/bin/firefox" "--marionette" "-foreground" "-no-remote" "-profile" "/tmp/rust_mozprofilet8KIeY"
console.warn: SearchSettings: "get: No settings file exists, new profile?" (new Error("", "(unknown module)"))
1613250923886	Marionette	INFO	Listening on port 32811
1613250923916	Marionette	WARN	TLS certificate errors will be ignored for this session
1613250923927	Marionette	ERROR	[15] No reply from Marionette:Register
console.warn: SearchSettings: "get: No settings file exists, new profile?" (new Error("", "(unknown module)"))
1613251003038	geckodriver	INFO	Listening on 127.0.0.1:60817
1613251003041	mozrunner::runner	INFO	Running command: "/usr/bin/firefox" "--marionette" "-foreground" "-no-remote" "-profile" "/tmp/rust_mozprofile4Uzag0"
console.warn: SearchSettings: "get: No settings file exists, new profile?" (new Error("", "(unknown module)"))
console.warn: SearchSettings: "get: No settings file exists, new profile?" (new Error("", "(unknown module)"))
1613251004614	Marionette	INFO	Listening on port 37985
1613251004662	Marionette	WARN	TLS certificate errors will be ignored for this session
1613251004671	Marionette	ERROR	[15] No reply from Marionette:Register
1613251038665	geckodriver	INFO	Listening on 127.0.0.1:50573
1613251038668	mozrunner::runner	INFO	Running command: "/usr/bin/firefox" "--marionette" "-foreground" "-no-remote" "-profile" "/tmp/rust_mozprofilew8D8oW"
console.warn: SearchSettings: "get: No settings file exists, new profile?" (new Error("", "(unknown module)"))
1613251040033	Marionette	INFO	Listening on port 42669
1613251040093	Marionette	WARN	TLS certificate errors will be ignored for this session
1613251040103	Marionette	ERROR	[15] No reply from Marionette:Register
console.warn: SearchSettings: "get: No settings file exists, new profile?" (new Error("", "(unknown module)"))
1613251050033	Marionette	INFO	Stopped listening on port 42669

###!!! [Parent][RunMessage] Error: Channel closing: too late to send/recv, messages will be lost

console.log: WebExtensions: reset-default-search: No addons in our list are installed.
console.log: WebExtensions: reset-default-search: No addons in our list are installed.
1613251314567	geckodriver	INFO	Listening on 127.0.0.1:55215
1613251314571	mozrunner::runner	INFO	Running command: "/usr/bin/firefox" "--marionette" "-foreground" "-no-remote" "-profile" "/tmp/rust_mozprofileVcvjBw"
console.warn: SearchSettings: "get: No settings file exists, new profile?" (new Error("", "(unknown module)"))
1613251315923	Marionette	INFO	Listening on port 45089
1613251315991	Marionette	WARN	TLS certificate errors will be ignored for this session
1613251316004	Marionette	ERROR	[15] No reply from Marionette:Register
console.warn: SearchSettings: "get: No settings file exists, new profile?" (new Error("", "(unknown module)"))
console.log: WebExtensions: reset-default-search: No addons in our list are installed.
console.log: WebExtensions: reset-default-search: No addons in our list are installed.
